0 info it worked if it ends with ok
1 verbose cli [ '/home/ec2-user/.nvm/versions/node/v6.11.4/bin/node',
1 verbose cli   '/home/ec2-user/.nvm/versions/node/v6.11.4/bin/npm',
1 verbose cli   'start' ]
2 info using npm@3.10.10
3 info using node@v6.11.4
4 verbose run-script [ 'prestart', 'start', 'poststart' ]
5 info lifecycle face-sake@0.0.0~prestart: face-sake@0.0.0
6 silly lifecycle face-sake@0.0.0~prestart: no script for prestart, continuing
7 info lifecycle face-sake@0.0.0~start: face-sake@0.0.0
8 verbose lifecycle face-sake@0.0.0~start: unsafe-perm in lifecycle true
9 verbose lifecycle face-sake@0.0.0~start: PATH: /home/ec2-user/.nvm/versions/node/v6.11.4/lib/node_modules/npm/bin/node-gyp-bin:/home/ec2-user/dev/KB_1716/src/node_modules/.bin:/home/ec2-user/.nvm/versions/node/v6.11.4/bin:/usr/local/bin:/bin:/usr/bin:/usr/local/sbin:/usr/sbin:/sbin:/opt/aws/bin:/home/ec2-user/.local/bin:/home/ec2-user/bin
10 verbose lifecycle face-sake@0.0.0~start: CWD: /home/ec2-user/dev/KB_1716/src
11 silly lifecycle face-sake@0.0.0~start: Args: [ '-c', 'node ./bin/www' ]
12 silly lifecycle face-sake@0.0.0~start: Returned: code: 1  signal: null
13 info lifecycle face-sake@0.0.0~start: Failed to exec start script
14 verbose stack Error: face-sake@0.0.0 start: `node ./bin/www`
14 verbose stack Exit status 1
14 verbose stack     at EventEmitter.<anonymous> (/home/ec2-user/.nvm/versions/node/v6.11.4/lib/node_modules/npm/lib/utils/lifecycle.js:255:16)
14 verbose stack     at emitTwo (events.js:106:13)
14 verbose stack     at EventEmitter.emit (events.js:191:7)
14 verbose stack     at ChildProcess.<anonymous> (/home/ec2-user/.nvm/versions/node/v6.11.4/lib/node_modules/npm/lib/utils/spawn.js:40:14)
14 verbose stack     at emitTwo (events.js:106:13)
14 verbose stack     at ChildProcess.emit (events.js:191:7)
14 verbose stack     at maybeClose (internal/child_process.js:920:16)
14 verbose stack     at Process.ChildProcess._handle.onexit (internal/child_process.js:230:5)
15 verbose pkgid face-sake@0.0.0
16 verbose cwd /home/ec2-user/dev/KB_1716/src
17 error Linux 4.9.51-10.52.amzn1.x86_64
18 error argv "/home/ec2-user/.nvm/versions/node/v6.11.4/bin/node" "/home/ec2-user/.nvm/versions/node/v6.11.4/bin/npm" "start"
19 error node v6.11.4
20 error npm  v3.10.10
21 error code ELIFECYCLE
22 error face-sake@0.0.0 start: `node ./bin/www`
22 error Exit status 1
23 error Failed at the face-sake@0.0.0 start script 'node ./bin/www'.
23 error Make sure you have the latest version of node.js and npm installed.
23 error If you do, this is most likely a problem with the face-sake package,
23 error not with npm itself.
23 error Tell the author that this fails on your system:
23 error     node ./bin/www
23 error You can get information on how to open an issue for this project with:
23 error     npm bugs face-sake
23 error Or if that isn't available, you can get their info via:
23 error     npm owner ls face-sake
23 error There is likely additional logging output above.
24 verbose exit [ 1, true ]
